<?xml version="1.0" encoding="UTF-8"?>
<!-- Generated by org.testng.reporters.JUnitReportReporter -->
<testsuite skipped="0" hostname="LAPTOP-8RQVFFOA" name="testCase.AmazonTestCases" tests="2" failures="0" timestamp="2021-06-01T13:35:28 IST" time="58.811" errors="0">
  <testcase name="toCheckSearchingAndSortingFuctionality" time="20.181" classname="testCase.AmazonTestCases"/>
  <system-out/>
  <testcase name="toCheckSearchingAndSortingAndWishListFuctionality" time="38.630" classname="testCase.AmazonTestCases"/>
  <system-out/>
</testsuite> <!-- testCase.AmazonTestCases -->
